<?xml version="1.0" encoding="UTF-8"?>
<testsuite xmlns:xsi="http://www.w3.org/2001/XMLSchema-instance" xsi:noNamespaceSchemaLocation="https://maven.apache.org/surefire/maven-surefire-plugin/xsd/surefire-test-report.xsd" version="3.0.2" name="com.litethinking.students.repositories.StudentRepositoryIntegrationTest" time="5.384" tests="2" errors="0" skipped="0" failures="0">
  <properties>
[...]
</properties>
  <testcase name="testThatMultipleStudentsCanBeSaved" classname="com.litethinking.students.repositories.StudentRepositoryIntegrationTest" time="1.265">
    <system-out><![CDATA[20:50:20.920 [main] INFO org.springframework.test.context.support.AnnotationConfigContextLoaderUtils -- Could not detect default configuration classes for test class [com.litethinking.students.repositories.StudentRepositoryIntegrationTest]: StudentRepositoryIntegrationTest does not declare any static, non-private, non-final, nested classes annotated with @Configuration.
20:50:21.159 [main] INFO org.springframework.boot.test.context.SpringBootTestContextBootstrapper -- Found @SpringBootConfiguration com.litethinking.students.StudentsApplication for test class com.litethinking.students.repositories.StudentRepositoryIntegrationTest

  .   ____          _            __ _ _
 /\\ / ___'_ __ _ _(_)_ __  __ _ \ \ \ \
( ( )\___ | '_ | '_| | '_ \/ _` | \ \ \ \
 \\/  ___)| |_)| | | | | || (_| |  ) ) ) )
  '  |____| .__|_| |_|_| |_\__, | / / / /
 =========|_|==============|___/=/_/_/_/

 :: Spring Boot ::                (v3.4.1)

2025-01-05T20:50:21.915-05:00  INFO 102488 --- [students] [           main] c.l.s.r.StudentRepositoryIntegrationTest : Starting StudentRepositoryIntegrationTest using Java 21.0.5 with PID 102488 (started by jeiso in C:\LiteThinking\JavaMicroservices\Reto01\students)
2025-01-05T20:50:21.918-05:00  INFO 102488 --- [students] [           main] c.l.s.r.StudentRepositoryIntegrationTest : No active profile set, falling back to 1 default profile: "default"
2025-01-05T20:50:24.163-05:00  INFO 102488 --- [students] [           main] c.l.s.r.StudentRepositoryIntegrationTest : Started StudentRepositoryIntegrationTest in 2.749 seconds (process running for 4.524)
Listado estudiantes activos: StudentRepository{activeStudents=Student{id=1, name='Jason Foe', cellNumber='3111234567', email='jason@gmail.es'studentNumber=452575, gpa=4.75}
Student{id=2, name='Jade', cellNumber='3100123456', email='jade@outlook.es'studentNumber=452576, gpa=4.0}
Student{id=3, name='Felix Lopez', cellNumber='3524567891', email='felix@gmail.es'studentNumber=452577, gpa=3.8}
Student{id=4, name='Fernando Camargo', cellNumber='3057811245', email='fernando@gmail.es'studentNumber=452578, gpa=4.0}
Student{id=5, name='Antonio Thinking', cellNumber='315023657', email='antornio@gmail.es'studentNumber=452579, gpa=4.6}
Student{id=6, name='Kike Tabo', cellNumber='3586567841', email='kike@outlook.es'studentNumber=452580, gpa=5.0}
Student{id=7, name='Erick Almanza', cellNumber='3598746235', email='erick@outlook.es'studentNumber=452590, gpa=4.65}
Student{id=8, name='Frank Enstein', cellNumber='3965487632', email='frank@outlook.es'studentNumber=452591, gpa=4.8}
Student{id=9, name='Adrian Capera', cellNumber='3056987526', email='adrian@gmail.es'studentNumber=452592, gpa=3.2}
Student{id=10, name='Will Iam', cellNumber='3258459762', email='will@gmail.es'studentNumber=452593, gpa=2.75}
Student{id=11, name='Norbert Camus', cellNumber='3256971235', email='norbert@gmail.es'studentNumber=452594, gpa=4.95}
}
]]></system-out>
    <system-err><![CDATA[Mockito is currently self-attaching to enable the inline-mock-maker. This will no longer work in future releases of the JDK. Please add Mockito as an agent to your build what is described in Mockito's documentation: https://javadoc.io/doc/org.mockito/mockito-core/latest/org/mockito/Mockito.html#0.3
WARNING: A Java agent has been loaded dynamically (C:\Users\jeiso\.m2\repository\net\bytebuddy\byte-buddy-agent\1.15.11\byte-buddy-agent-1.15.11.jar)
WARNING: If a serviceability tool is in use, please run with -XX:+EnableDynamicAgentLoading to hide this warning
WARNING: If a serviceability tool is not in use, please run with -Djdk.instrument.traceUsage for more information
WARNING: Dynamic loading of agents will be disallowed by default in a future release
]]></system-err>
  </testcase>
  <testcase name="testThatStudentCanBeSaved" classname="com.litethinking.students.repositories.StudentRepositoryIntegrationTest" time="0.012">
    <system-out><![CDATA[
  .   ____          _            __ _ _
 /\\ / ___'_ __ _ _(_)_ __  __ _ \ \ \ \
( ( )\___ | '_ | '_| | '_ \/ _` | \ \ \ \
 \\/  ___)| |_)| | | | | || (_| |  ) ) ) )
  '  |____| .__|_| |_|_| |_\__, | / / / /
 =========|_|==============|___/=/_/_/_/

 :: Spring Boot ::                (v3.4.1)

2025-01-05T20:50:25.537-05:00  INFO 102488 --- [students] [           main] c.l.s.r.StudentRepositoryIntegrationTest : Starting StudentRepositoryIntegrationTest using Java 21.0.5 with PID 102488 (started by jeiso in C:\LiteThinking\JavaMicroservices\Reto01\students)
2025-01-05T20:50:25.537-05:00  INFO 102488 --- [students] [           main] c.l.s.r.StudentRepositoryIntegrationTest : No active profile set, falling back to 1 default profile: "default"
2025-01-05T20:50:26.004-05:00  INFO 102488 --- [students] [           main] c.l.s.r.StudentRepositoryIntegrationTest : Started StudentRepositoryIntegrationTest in 0.532 seconds (process running for 6.366)
]]></system-out>
  </testcase>
</testsuite>